app/build/outputs/logs/manifest-merger-debug-report.txt
-- Merging decision tree log ---
manifest
ADDED from AndroidManifest.xml:2:1
	xmlns:android
		ADDED from AndroidManifest.xml:2:11
	package
		ADDED from AndroidManifest.xml:3:5
		INJECTED from AndroidManifest.xml:0:0
		INJECTED from AndroidManifest.xml:0:0
	android:versionName
		ADDED from AndroidManifest.xml:5:5
	android:versionCode
		ADDED from AndroidManifest.xml:4:5
		INJECTED from AndroidManifest.xml:0:0
		INJECTED from AndroidManifest.xml:0:0
uses-sdk
ADDED from AndroidManifest.xml:7:5
	android:targetSdkVersion
		ADDED from AndroidManifest.xml:9:6
		INJECTED from AndroidManifest.xml:0:0
		INJECTED from AndroidManifest.xml:0:0
	android:minSdkVersion
		ADDED from AndroidManifest.xml:8:3
		INJECTED from AndroidManifest.xml:0:0
		INJECTED from AndroidManifest.xml:0:0
uses-permission#android.permission.RECEIVE_SMS
ADDED from AndroidManifest.xml:11:5
	android:name
		ADDED from AndroidManifest.xml:12:3
uses-permission#android.permission.SEND_SMS
ADDED from AndroidManifest.xml:13:2
	android:name
		ADDED from AndroidManifest.xml:14:3
uses-permission#android.permission.READ_PHONE_STATE
ADDED from AndroidManifest.xml:15:2
	android:name
		ADDED from AndroidManifest.xml:16:6
uses-permission#android.permission.WAKE_LOCK
ADDED from AndroidManifest.xml:17:2
	android:name
		ADDED from AndroidManifest.xml:18:3
uses-permission#android.permission.READ_CONTACTS
ADDED from AndroidManifest.xml:19:2
	android:name
		ADDED from AndroidManifest.xml:20:3
uses-permission#android.permission.INTERNET
ADDED from AndroidManifest.xml:21:2
	android:name
		ADDED from AndroidManifest.xml:22:3
uses-permission#android.permission.WRITE_EXTERNAL_STORAGE
ADDED from AndroidManifest.xml:23:2
	android:name
		ADDED from AndroidManifest.xml:24:3
uses-permission#android.permission.CAMERA
ADDED from AndroidManifest.xml:25:2
	android:name
		ADDED from AndroidManifest.xml:26:3
uses-feature#android.hardware.Camera
ADDED from AndroidManifest.xml:27:2
	android:name
		ADDED from AndroidManifest.xml:27:16
uses-permission#android.permission.ACCESS_FINE_LOCATION
ADDED from AndroidManifest.xml:28:2
	android:name
		ADDED from AndroidManifest.xml:29:3
application
ADDED from AndroidManifest.xml:32:2
	android:label
		ADDED from AndroidManifest.xml:34:6
	android:icon
		ADDED from AndroidManifest.xml:33:6
	android:theme
		ADDED from AndroidManifest.xml:35:6
activity#com.teamdc.stephendiniz.autoaway.Activity_Main
ADDED from AndroidManifest.xml:37:9
	android:label
		ADDED from AndroidManifest.xml:40:4
	android:configChanges
		ADDED from AndroidManifest.xml:39:10
	android:name
		ADDED from AndroidManifest.xml:38:10
intent-filter#android.intent.action.MAIN+android.intent.category.LAUNCHER
ADDED from AndroidManifest.xml:42:13
action#android.intent.action.MAIN
ADDED from AndroidManifest.xml:43:17
	android:name
		ADDED from AndroidManifest.xml:43:25
category#android.intent.category.LAUNCHER
ADDED from AndroidManifest.xml:44:17
	android:name
		ADDED from AndroidManifest.xml:44:27
activity#com.teamdc.stephendiniz.autoaway.Activity_Logger
ADDED from AndroidManifest.xml:49:9
	android:label
		ADDED from AndroidManifest.xml:52:10
	android:configChanges
		ADDED from AndroidManifest.xml:51:10
	android:name
		ADDED from AndroidManifest.xml:50:10
activity#com.teamdc.stephendiniz.autoaway.Activity_Messages
ADDED from AndroidManifest.xml:54:9
	android:label
		ADDED from AndroidManifest.xml:57:10
	android:configChanges
		ADDED from AndroidManifest.xml:56:10
	android:name
		ADDED from AndroidManifest.xml:55:10
activity#com.teamdc.stephendiniz.autoaway.Activity_ContactPicker
ADDED from AndroidManifest.xml:59:9
	android:configChanges
		ADDED from AndroidManifest.xml:61:10
	android:name
		ADDED from AndroidManifest.xml:60:10
activity#com.teamdc.stephendiniz.autoaway.Activity_Filtering
ADDED from AndroidManifest.xml:63:9
	android:configChanges
		ADDED from AndroidManifest.xml:65:10
	android:name
		ADDED from AndroidManifest.xml:64:10
activity#com.teamdc.stephendiniz.autoaway.Activity_Schedule
ADDED from AndroidManifest.xml:75:9
	android:label
		ADDED from AndroidManifest.xml:78:10
	android:configChanges
		ADDED from AndroidManifest.xml:77:10
	android:name
		ADDED from AndroidManifest.xml:76:10
activity#com.teamdc.stephendiniz.autoaway.Activity_Location
ADDED from AndroidManifest.xml:88:3
	android:label
		ADDED from AndroidManifest.xml:90:4
	android:name
		ADDED from AndroidManifest.xml:89:4
service#com.teamdc.stephendiniz.autoaway.Service_Away
ADDED from AndroidManifest.xml:96:9
	android:configChanges
		ADDED from AndroidManifest.xml:98:10
	android:process
		ADDED from AndroidManifest.xml:99:10
	android:name
		ADDED from AndroidManifest.xml:97:10